<?xml version="1.0" encoding="UTF-8"?>
<!-- Generated by org.testng.reporters.JUnitXMLReporter -->
<testsuite ignored="0" hostname="DESKTOP-3BHM597" failures="0" tests="4" name="Test" time="76.662" errors="0" timestamp="2024-10-12T14:23:00 IST">
  <testcase classname="SauceLab.SuaceLabAutomationFramework_V1_0.verify_sauceLab_purchar_order_test" name="purchaseOrder" time="19.163"/>
  <testcase classname="SauceLab.SuaceLabAutomationFramework_V1_0.verify_reset_app_state_test" name="resetAppState" time="18.166"/>
  <testcase classname="SauceLab.SuaceLabAutomationFramework_V1_0.verify_all_items_link_test" name="verifyAllItemsLink" time="3.044"/>
  <testcase classname="SauceLab.SuaceLabAutomationFramework_V1_0.verify_remove_product_from_cart_test" name="removeProductFromCart" time="20.407"/>
</testsuite> <!-- Test -->
