<?xml version="1.0" encoding="UTF-8"?>
<testng-results ignored="0" total="4" passed="3" failed="1" skipped="0">
  <reporter-output>
  </reporter-output>
  <suite started-at="2024-10-12T14:46:59 IST" name="Default suite" finished-at="2024-10-12T14:48:19 IST" duration-ms="79610">
    <groups>
    </groups>
    <test started-at="2024-10-12T14:46:59 IST" name="Default test" finished-at="2024-10-12T14:48:19 IST" duration-ms="79610">
      <class name="SauceLab.SuaceLabAutomationFramework_V1_0.Verify_different_sauce_lab_logins">
        <test-method is-config="true" signature="launchApplication()[pri:0, instance:SauceLab.SuaceLabAutomationFramework_V1_0.Verify_different_sauce_lab_logins@792b749c]" started-at="2024-10-12T14:46:59 IST" name="launchApplication" finished-at="2024-10-12T14:47:05 IST" duration-ms="5386" status="PASS">
          <reporter-output>
          </reporter-output>
        </test-method> <!-- launchApplication -->
        <test-method signature="purchaseOrder(java.util.HashMap)[pri:0, instance:SauceLab.SuaceLabAutomationFramework_V1_0.Verify_different_sauce_lab_logins@792b749c]" started-at="2024-10-12T14:47:05 IST" name="purchaseOrder" data-provider="getTestData" finished-at="2024-10-12T14:47:07 IST" duration-ms="2269" status="PASS">
          <params>
            <param index="0">
              <value>
                <![CDATA[{password=secret_sauce, username=standard_user}]]>
              </value>
            </param>
          </params>
          <reporter-output>
          </reporter-output>
        </test-method> <!-- purchaseOrder -->
        <test-method is-config="true" signature="tearDown()[pri:0, instance:SauceLab.SuaceLabAutomationFramework_V1_0.Verify_different_sauce_lab_logins@792b749c]" started-at="2024-10-12T14:47:07 IST" name="tearDown" finished-at="2024-10-12T14:47:08 IST" duration-ms="376" status="PASS">
          <reporter-output>
          </reporter-output>
        </test-method> <!-- tearDown -->
        <test-method is-config="true" signature="launchApplication()[pri:0, instance:SauceLab.SuaceLabAutomationFramework_V1_0.Verify_different_sauce_lab_logins@792b749c]" started-at="2024-10-12T14:47:08 IST" name="launchApplication" finished-at="2024-10-12T14:47:10 IST" duration-ms="2524" status="PASS">
          <reporter-output>
          </reporter-output>
        </test-method> <!-- launchApplication -->
        <test-method signature="purchaseOrder(java.util.HashMap)[pri:0, instance:SauceLab.SuaceLabAutomationFramework_V1_0.Verify_different_sauce_lab_logins@792b749c]" started-at="2024-10-12T14:47:10 IST" name="purchaseOrder" data-provider="getTestData" finished-at="2024-10-12T14:47:56 IST" duration-ms="46034" status="FAIL">
          <params>
            <param index="0">
              <value>
                <![CDATA[{password=secret_sauce, username=locked_out_user}]]>
              </value>
            </param>
          </params>
          <exception class="java.lang.NullPointerException">
            <message>
              <![CDATA[Cannot invoke "org.openqa.selenium.WebDriver.getClass()" because "exceptionDriver" is null]]>
            </message>
            <full-stacktrace>
              <![CDATA[java.lang.NullPointerException: Cannot invoke "org.openqa.selenium.WebDriver.getClass()" because "exceptionDriver" is null
at org.openqa.selenium.support.ui.WebDriverWait.timeoutException(WebDriverWait.java:85)
at org.openqa.selenium.support.ui.FluentWait.until(FluentWait.java:228)
at sauceLab_Utilities.SeleniumWrapper.waitForElementToAppear(SeleniumWrapper.java:21)
at sauceLab_Base_Pages.Login_Page.loginApplication(Login_Page.java:60)
at SauceLab.SuaceLabAutomationFramework_V1_0.Verify_different_sauce_lab_logins.purchaseOrder(Verify_different_sauce_lab_logins.java:21)
at java.base/jdk.internal.reflect.DirectMethodHandleAccessor.invoke(DirectMethodHandleAccessor.java:103)
at java.base/java.lang.reflect.Method.invoke(Method.java:580)
at org.testng.internal.invokers.MethodInvocationHelper.invokeMethod(MethodInvocationHelper.java:141)
at org.testng.internal.invokers.TestInvoker.invokeMethod(TestInvoker.java:686)
at org.testng.internal.invokers.TestInvoker.invokeTestMethod(TestInvoker.java:230)
at org.testng.internal.invokers.MethodRunner.runInSequence(MethodRunner.java:63)
at org.testng.internal.invokers.TestInvoker$MethodInvocationAgent.invoke(TestInvoker.java:992)
at org.testng.internal.invokers.TestInvoker.invokeTestMethods(TestInvoker.java:203)
at org.testng.internal.invokers.TestMethodWorker.invokeTestMethods(TestMethodWorker.java:154)
at org.testng.internal.invokers.TestMethodWorker.run(TestMethodWorker.java:134)
at java.base/java.util.ArrayList.forEach(ArrayList.java:1597)
at org.testng.TestRunner.privateRun(TestRunner.java:739)
at org.testng.TestRunner.run(TestRunner.java:614)
at org.testng.SuiteRunner.runTest(SuiteRunner.java:421)
at org.testng.SuiteRunner.runSequentially(SuiteRunner.java:413)
at org.testng.SuiteRunner.privateRun(SuiteRunner.java:373)
at org.testng.SuiteRunner.run(SuiteRunner.java:312)
at org.testng.SuiteRunnerWorker.runSuite(SuiteRunnerWorker.java:52)
at org.testng.SuiteRunnerWorker.run(SuiteRunnerWorker.java:95)
at org.testng.TestNG.runSuitesSequentially(TestNG.java:1274)
at org.testng.TestNG.runSuitesLocally(TestNG.java:1208)
at org.testng.TestNG.runSuites(TestNG.java:1112)
at org.testng.TestNG.run(TestNG.java:1079)
at org.testng.remote.AbstractRemoteTestNG.run(AbstractRemoteTestNG.java:115)
at org.testng.remote.RemoteTestNG.initAndRun(RemoteTestNG.java:293)
at org.testng.remote.RemoteTestNG.main(RemoteTestNG.java:91)
]]>
            </full-stacktrace>
          </exception> <!-- java.lang.NullPointerException -->
          <reporter-output>
          </reporter-output>
        </test-method> <!-- purchaseOrder -->
        <test-method is-config="true" signature="tearDown()[pri:0, instance:SauceLab.SuaceLabAutomationFramework_V1_0.Verify_different_sauce_lab_logins@792b749c]" started-at="2024-10-12T14:47:56 IST" name="tearDown" finished-at="2024-10-12T14:47:57 IST" duration-ms="412" status="PASS">
          <reporter-output>
          </reporter-output>
        </test-method> <!-- tearDown -->
        <test-method is-config="true" signature="launchApplication()[pri:0, instance:SauceLab.SuaceLabAutomationFramework_V1_0.Verify_different_sauce_lab_logins@792b749c]" started-at="2024-10-12T14:47:57 IST" name="launchApplication" finished-at="2024-10-12T14:48:00 IST" duration-ms="3075" status="PASS">
          <reporter-output>
          </reporter-output>
        </test-method> <!-- launchApplication -->
        <test-method signature="purchaseOrder(java.util.HashMap)[pri:0, instance:SauceLab.SuaceLabAutomationFramework_V1_0.Verify_different_sauce_lab_logins@792b749c]" started-at="2024-10-12T14:48:00 IST" name="purchaseOrder" data-provider="getTestData" finished-at="2024-10-12T14:48:01 IST" duration-ms="1459" status="PASS">
          <params>
            <param index="0">
              <value>
                <![CDATA[{password=secret_sauce, username=problem_user}]]>
              </value>
            </param>
          </params>
          <reporter-output>
          </reporter-output>
        </test-method> <!-- purchaseOrder -->
        <test-method is-config="true" signature="tearDown()[pri:0, instance:SauceLab.SuaceLabAutomationFramework_V1_0.Verify_different_sauce_lab_logins@792b749c]" started-at="2024-10-12T14:48:01 IST" name="tearDown" finished-at="2024-10-12T14:48:01 IST" duration-ms="372" status="PASS">
          <reporter-output>
          </reporter-output>
        </test-method> <!-- tearDown -->
        <test-method is-config="true" signature="launchApplication()[pri:0, instance:SauceLab.SuaceLabAutomationFramework_V1_0.Verify_different_sauce_lab_logins@792b749c]" started-at="2024-10-12T14:48:01 IST" name="launchApplication" finished-at="2024-10-12T14:48:05 IST" duration-ms="3259" status="PASS">
          <reporter-output>
          </reporter-output>
        </test-method> <!-- launchApplication -->
        <test-method signature="purchaseOrder(java.util.HashMap)[pri:0, instance:SauceLab.SuaceLabAutomationFramework_V1_0.Verify_different_sauce_lab_logins@792b749c]" started-at="2024-10-12T14:48:05 IST" name="purchaseOrder" data-provider="getTestData" finished-at="2024-10-12T14:48:18 IST" duration-ms="13461" status="PASS">
          <params>
            <param index="0">
              <value>
                <![CDATA[{password=secret_sauce, username=performance_glitch_user}]]>
              </value>
            </param>
          </params>
          <reporter-output>
          </reporter-output>
        </test-method> <!-- purchaseOrder -->
        <test-method is-config="true" signature="tearDown()[pri:0, instance:SauceLab.SuaceLabAutomationFramework_V1_0.Verify_different_sauce_lab_logins@792b749c]" started-at="2024-10-12T14:48:18 IST" name="tearDown" finished-at="2024-10-12T14:48:19 IST" duration-ms="408" status="PASS">
          <reporter-output>
          </reporter-output>
        </test-method> <!-- tearDown -->
      </class> <!-- SauceLab.SuaceLabAutomationFramework_V1_0.Verify_different_sauce_lab_logins -->
    </test> <!-- Default test -->
  </suite> <!-- Default suite -->
</testng-results>
